mode: atomic
github.com/dgordon/tasker/internal/command/root.go:23.13,25.2 1 0
github.com/dgordon/tasker/internal/command/root.go:27.30,29.2 1 0
github.com/dgordon/tasker/internal/command/root.go:31.16,32.42 1 0
github.com/dgordon/tasker/internal/command/root.go:32.42,35.3 2 0
github.com/dgordon/tasker/cmd/tasker/main.go:26.13,28.2 1 0
github.com/dgordon/tasker/cmd/tasker/main.go:30.13,31.42 1 0
github.com/dgordon/tasker/cmd/tasker/main.go:31.42,34.3 2 0
github.com/dgordon/tasker/internal/state/halt.go:22.72,24.16 2 9
github.com/dgordon/tasker/internal/state/halt.go:24.16,26.3 1 1
github.com/dgordon/tasker/internal/state/halt.go:28.2,28.23 1 8
github.com/dgordon/tasker/internal/state/halt.go:28.23,30.3 1 7
github.com/dgordon/tasker/internal/state/halt.go:32.2,46.47 6 8
github.com/dgordon/tasker/internal/state/halt.go:46.47,48.3 1 0
github.com/dgordon/tasker/internal/state/halt.go:50.2,50.12 1 8
github.com/dgordon/tasker/internal/state/halt.go:53.43,55.16 2 10
github.com/dgordon/tasker/internal/state/halt.go:55.16,57.3 1 1
github.com/dgordon/tasker/internal/state/halt.go:59.2,59.23 1 9
github.com/dgordon/tasker/internal/state/halt.go:59.23,61.3 1 3
github.com/dgordon/tasker/internal/state/halt.go:63.2,63.34 1 6
github.com/dgordon/tasker/internal/state/halt.go:66.41,68.16 2 5
github.com/dgordon/tasker/internal/state/halt.go:68.16,70.3 1 1
github.com/dgordon/tasker/internal/state/halt.go:72.2,78.54 4 4
github.com/dgordon/tasker/internal/state/halt.go:78.54,80.3 1 3
github.com/dgordon/tasker/internal/state/halt.go:82.2,88.47 2 4
github.com/dgordon/tasker/internal/state/halt.go:88.47,90.3 1 0
github.com/dgordon/tasker/internal/state/halt.go:92.2,92.12 1 4
github.com/dgordon/tasker/internal/state/halt.go:95.54,97.16 2 5
github.com/dgordon/tasker/internal/state/halt.go:97.16,99.3 1 1
github.com/dgordon/tasker/internal/state/halt.go:101.2,105.47 2 4
github.com/dgordon/tasker/internal/state/halt.go:105.47,110.3 4 2
github.com/dgordon/tasker/internal/state/halt.go:112.2,112.20 1 4
github.com/dgordon/tasker/internal/state/halt.go:115.78,117.2 1 1
github.com/dgordon/tasker/internal/state/halt.go:119.51,121.2 1 3
github.com/dgordon/tasker/internal/state/halt.go:123.49,125.2 1 1
github.com/dgordon/tasker/internal/state/halt.go:127.62,129.2 1 1
github.com/dgordon/tasker/internal/state/lock.go:17.37,18.20 1 89
github.com/dgordon/tasker/internal/state/lock.go:18.20,20.3 1 0
github.com/dgordon/tasker/internal/state/lock.go:22.2,23.16 2 89
github.com/dgordon/tasker/internal/state/lock.go:23.16,26.3 2 0
github.com/dgordon/tasker/internal/state/lock.go:28.2,28.24 1 89
github.com/dgordon/tasker/internal/state/lock.go:31.70,35.51 3 94
github.com/dgordon/tasker/internal/state/lock.go:35.51,37.3 1 5
github.com/dgordon/tasker/internal/state/lock.go:39.2,41.16 3 89
github.com/dgordon/tasker/internal/state/lock.go:41.16,43.3 1 0
github.com/dgordon/tasker/internal/state/lock.go:45.2,46.15 2 89
github.com/dgordon/tasker/internal/state/lock.go:46.15,48.3 1 37
github.com/dgordon/tasker/internal/state/lock.go:50.2,51.12 2 89
github.com/dgordon/tasker/internal/state/lock.go:51.12,53.3 1 89
github.com/dgordon/tasker/internal/state/lock.go:55.2,56.9 2 89
github.com/dgordon/tasker/internal/state/lock.go:57.21,58.17 1 89
github.com/dgordon/tasker/internal/state/lock.go:58.17,61.4 2 0
github.com/dgordon/tasker/internal/state/lock.go:62.29,64.69 2 0
github.com/dgordon/tasker/internal/state/lock.go:67.2,71.8 1 89
github.com/dgordon/tasker/internal/state/lock.go:74.54,76.2 1 0
github.com/dgordon/tasker/internal/state/lock.go:78.55,80.2 1 0
github.com/dgordon/tasker/internal/state/state.go:164.56,169.2 1 17
github.com/dgordon/tasker/internal/state/state.go:171.39,173.2 1 1
github.com/dgordon/tasker/internal/state/state.go:175.45,177.16 2 57
github.com/dgordon/tasker/internal/state/state.go:177.16,179.3 1 5
github.com/dgordon/tasker/internal/state/state.go:180.2,183.16 3 52
github.com/dgordon/tasker/internal/state/state.go:183.16,184.25 1 0
github.com/dgordon/tasker/internal/state/state.go:184.25,186.4 1 0
github.com/dgordon/tasker/internal/state/state.go:187.3,187.63 1 0
github.com/dgordon/tasker/internal/state/state.go:190.2,191.53 2 52
github.com/dgordon/tasker/internal/state/state.go:191.53,193.3 1 1
github.com/dgordon/tasker/internal/state/state.go:195.2,195.20 1 51
github.com/dgordon/tasker/internal/state/state.go:198.49,200.16 2 37
github.com/dgordon/tasker/internal/state/state.go:200.16,202.3 1 0
github.com/dgordon/tasker/internal/state/state.go:203.2,208.16 4 37
github.com/dgordon/tasker/internal/state/state.go:208.16,210.3 1 0
github.com/dgordon/tasker/internal/state/state.go:212.2,213.47 2 37
github.com/dgordon/tasker/internal/state/state.go:213.47,215.3 1 0
github.com/dgordon/tasker/internal/state/state.go:217.2,218.58 2 37
github.com/dgordon/tasker/internal/state/state.go:218.58,220.3 1 0
github.com/dgordon/tasker/internal/state/state.go:222.2,222.49 1 37
github.com/dgordon/tasker/internal/state/state.go:222.49,225.3 2 0
github.com/dgordon/tasker/internal/state/state.go:227.2,227.12 1 37
github.com/dgordon/tasker/internal/state/state.go:230.42,233.28 2 7
github.com/dgordon/tasker/internal/state/state.go:233.28,235.3 1 1
github.com/dgordon/tasker/internal/state/state.go:237.2,243.39 2 7
github.com/dgordon/tasker/internal/state/state.go:243.39,245.3 1 1
github.com/dgordon/tasker/internal/state/state.go:247.2,247.27 1 7
github.com/dgordon/tasker/internal/state/state.go:247.27,249.3 1 1
github.com/dgordon/tasker/internal/state/state.go:251.2,251.27 1 7
github.com/dgordon/tasker/internal/state/state.go:251.27,253.3 1 1
github.com/dgordon/tasker/internal/state/state.go:255.2,259.36 2 7
github.com/dgordon/tasker/internal/state/state.go:259.36,260.20 1 3
github.com/dgordon/tasker/internal/state/state.go:260.20,262.4 1 1
github.com/dgordon/tasker/internal/state/state.go:263.3,263.34 1 3
github.com/dgordon/tasker/internal/state/state.go:263.34,265.4 1 1
github.com/dgordon/tasker/internal/state/state.go:268.2,268.13 1 7
github.com/dgordon/tasker/internal/state/state.go:271.48,273.2 1 21
github.com/dgordon/tasker/internal/state/state.go:275.50,277.2 1 20
github.com/dgordon/tasker/internal/state/state.go:279.56,281.2 1 0
github.com/dgordon/tasker/internal/state/task.go:23.71,26.46 2 3
github.com/dgordon/tasker/internal/state/task.go:26.46,28.3 1 1
github.com/dgordon/tasker/internal/state/task.go:30.2,59.52 3 2
github.com/dgordon/tasker/internal/state/task.go:59.52,61.3 1 0
github.com/dgordon/tasker/internal/state/task.go:63.2,63.19 1 2
github.com/dgordon/tasker/internal/state/task.go:66.61,69.53 2 4
github.com/dgordon/tasker/internal/state/task.go:69.53,71.3 1 1
github.com/dgordon/tasker/internal/state/task.go:73.2,74.16 2 3
github.com/dgordon/tasker/internal/state/task.go:74.16,76.3 1 0
github.com/dgordon/tasker/internal/state/task.go:78.2,80.32 2 3
github.com/dgordon/tasker/internal/state/task.go:80.32,81.65 1 6
github.com/dgordon/tasker/internal/state/task.go:81.65,82.12 1 2
github.com/dgordon/tasker/internal/state/task.go:85.3,87.17 3 4
github.com/dgordon/tasker/internal/state/task.go:87.17,89.4 1 0
github.com/dgordon/tasker/internal/state/task.go:91.3,92.52 2 4
github.com/dgordon/tasker/internal/state/task.go:92.52,94.4 1 0
github.com/dgordon/tasker/internal/state/task.go:96.3,96.19 1 4
github.com/dgordon/tasker/internal/state/task.go:96.19,98.4 1 1
github.com/dgordon/tasker/internal/state/task.go:100.3,110.23 2 3
github.com/dgordon/tasker/internal/state/task.go:113.2,113.19 1 2
github.com/dgordon/tasker/internal/state/task.go:116.41,120.35 3 6
github.com/dgordon/tasker/internal/state/task.go:120.35,121.60 1 14
github.com/dgordon/tasker/internal/state/task.go:121.60,123.4 1 3
github.com/dgordon/tasker/internal/state/task.go:126.2,126.35 1 6
github.com/dgordon/tasker/internal/state/task.go:126.35,127.31 1 14
github.com/dgordon/tasker/internal/state/task.go:127.31,128.12 1 4
github.com/dgordon/tasker/internal/state/task.go:131.3,132.38 2 10
github.com/dgordon/tasker/internal/state/task.go:132.38,133.32 1 4
github.com/dgordon/tasker/internal/state/task.go:133.32,135.10 2 1
github.com/dgordon/tasker/internal/state/task.go:139.3,139.23 1 10
github.com/dgordon/tasker/internal/state/task.go:139.23,141.4 1 9
github.com/dgordon/tasker/internal/state/task.go:144.2,144.40 1 6
github.com/dgordon/tasker/internal/state/task.go:144.40,145.39 1 4
github.com/dgordon/tasker/internal/state/task.go:145.39,147.4 1 3
github.com/dgordon/tasker/internal/state/task.go:148.3,148.35 1 1
github.com/dgordon/tasker/internal/state/task.go:151.2,151.14 1 6
github.com/dgordon/tasker/internal/state/task.go:154.55,156.16 2 3
github.com/dgordon/tasker/internal/state/task.go:156.16,158.3 1 0
github.com/dgordon/tasker/internal/state/task.go:160.2,161.13 2 3
github.com/dgordon/tasker/internal/state/task.go:161.13,163.3 1 1
github.com/dgordon/tasker/internal/state/task.go:165.2,165.56 1 2
github.com/dgordon/tasker/internal/state/task.go:165.56,167.3 1 1
github.com/dgordon/tasker/internal/state/task.go:169.2,187.39 8 1
github.com/dgordon/tasker/internal/state/task.go:187.39,189.3 1 0
github.com/dgordon/tasker/internal/state/task.go:191.2,191.12 1 1
github.com/dgordon/tasker/internal/state/task.go:194.96,196.16 2 2
github.com/dgordon/tasker/internal/state/task.go:196.16,198.3 1 0
github.com/dgordon/tasker/internal/state/task.go:200.2,201.13 2 2
github.com/dgordon/tasker/internal/state/task.go:201.13,203.3 1 0
github.com/dgordon/tasker/internal/state/task.go:205.2,205.30 1 2
github.com/dgordon/tasker/internal/state/task.go:205.30,207.3 1 1
github.com/dgordon/tasker/internal/state/task.go:209.2,216.26 6 1
github.com/dgordon/tasker/internal/state/task.go:216.26,218.17 2 1
github.com/dgordon/tasker/internal/state/task.go:218.17,220.18 2 1
github.com/dgordon/tasker/internal/state/task.go:220.18,222.5 1 1
github.com/dgordon/tasker/internal/state/task.go:226.2,242.39 5 1
github.com/dgordon/tasker/internal/state/task.go:242.39,244.3 1 0
github.com/dgordon/tasker/internal/state/task.go:246.2,246.12 1 1
github.com/dgordon/tasker/internal/state/task.go:249.90,251.16 2 2
github.com/dgordon/tasker/internal/state/task.go:251.16,253.3 1 0
github.com/dgordon/tasker/internal/state/task.go:255.2,256.13 2 2
github.com/dgordon/tasker/internal/state/task.go:256.13,258.3 1 0
github.com/dgordon/tasker/internal/state/task.go:260.2,260.30 1 2
github.com/dgordon/tasker/internal/state/task.go:260.30,262.3 1 1
github.com/dgordon/tasker/internal/state/task.go:264.2,274.26 6 1
github.com/dgordon/tasker/internal/state/task.go:274.26,276.17 2 1
github.com/dgordon/tasker/internal/state/task.go:276.17,278.18 2 1
github.com/dgordon/tasker/internal/state/task.go:278.18,280.5 1 1
github.com/dgordon/tasker/internal/state/task.go:284.2,300.39 5 1
github.com/dgordon/tasker/internal/state/task.go:300.39,302.3 1 0
github.com/dgordon/tasker/internal/state/task.go:304.2,304.12 1 1
github.com/dgordon/tasker/internal/state/task.go:307.55,309.16 2 3
github.com/dgordon/tasker/internal/state/task.go:309.16,311.3 1 0
github.com/dgordon/tasker/internal/state/task.go:313.2,314.13 2 3
github.com/dgordon/tasker/internal/state/task.go:314.13,316.3 1 0
github.com/dgordon/tasker/internal/state/task.go:318.2,318.29 1 3
github.com/dgordon/tasker/internal/state/task.go:318.29,320.3 1 1
github.com/dgordon/tasker/internal/state/task.go:322.2,322.52 1 2
github.com/dgordon/tasker/internal/state/task.go:322.52,324.3 1 1
github.com/dgordon/tasker/internal/state/task.go:326.2,342.37 14 1
github.com/dgordon/tasker/internal/state/task.go:342.37,344.3 1 0
github.com/dgordon/tasker/internal/state/task.go:346.2,355.39 2 1
github.com/dgordon/tasker/internal/state/task.go:355.39,357.3 1 0
github.com/dgordon/tasker/internal/state/task.go:359.2,359.12 1 1
github.com/dgordon/tasker/internal/state/task.go:362.62,364.16 2 3
github.com/dgordon/tasker/internal/state/task.go:364.16,366.3 1 0
github.com/dgordon/tasker/internal/state/task.go:368.2,369.13 2 3
github.com/dgordon/tasker/internal/state/task.go:369.13,371.3 1 0
github.com/dgordon/tasker/internal/state/task.go:373.2,373.84 1 3
github.com/dgordon/tasker/internal/state/task.go:373.84,375.3 1 1
github.com/dgordon/tasker/internal/state/task.go:377.2,381.18 4 2
github.com/dgordon/tasker/internal/state/task.go:381.18,383.3 1 2
github.com/dgordon/tasker/internal/state/task.go:385.2,396.39 3 2
github.com/dgordon/tasker/internal/state/task.go:396.39,398.3 1 0
github.com/dgordon/tasker/internal/state/task.go:400.2,400.12 1 2
github.com/dgordon/tasker/internal/state/task.go:403.60,405.26 2 2
github.com/dgordon/tasker/internal/state/task.go:405.26,406.16 1 2
github.com/dgordon/tasker/internal/state/task.go:406.16,408.4 1 0
github.com/dgordon/tasker/internal/state/task.go:410.2,410.15 1 2
